<?xml version="1.0" encoding="UTF-8"?>
<!-- Generated by org.testng.reporters.JUnitReportReporter -->
<testsuite skipped="0" hostname="SourabhSK" name="com.tetscases.LoginPageTest" tests="3" failures="0" timestamp="2021-12-07T16:49:00 IST" time="45.474" errors="0">
  <testcase name="ValidateLoginwithInvalidMobile" time="6.378" classname="com.tetscases.LoginPageTest"/>
  <system-out/>
  <testcase name="validateLoginwithValidMobileInvalidOtp" time="20.185" classname="com.tetscases.LoginPageTest"/>
  <system-out/>
  <testcase name="ValidateLoginwithValidMobileValidOtp" time="18.911" classname="com.tetscases.LoginPageTest"/>
  <system-out/>
</testsuite> <!-- com.tetscases.LoginPageTest -->
