<?xml version="1.0" encoding="UTF-8"?>
<!-- Generated by org.testng.reporters.JUnitReportReporter -->
<testsuite skipped="0" hostname="SourabhSK" name="com.tetscases.DFlightSearchingTest" tests="10" failures="0" timestamp="2021-12-06T18:06:31 IST" time="130.515" errors="0">
  <testcase name="validatingFlightSearchTest" time="13.824" classname="com.tetscases.DFlightSearchingTest"/>
  <system-out/>
  <testcase name="validatingInvalidSearchTest" time="11.422" classname="com.tetscases.DFlightSearchingTest"/>
  <system-out/>
  <testcase name="validatingFromSearchTest" time="10.926" classname="com.tetscases.DFlightSearchingTest"/>
  <system-out/>
  <testcase name="validatingDestinationTest" time="10.954" classname="com.tetscases.DFlightSearchingTest"/>
  <system-out/>
  <testcase name="validingSameSearchTest" time="11.403" classname="com.tetscases.DFlightSearchingTest"/>
  <system-out/>
  <testcase name="validatingSearchTest" time="10.872" classname="com.tetscases.DFlightSearchingTest"/>
  <system-out/>
  <testcase name="validatingBookButtonTest" time="13.471" classname="com.tetscases.DFlightSearchingTest"/>
  <system-out/>
  <testcase name="validatingPersonalDeatilsTest" time="15.700" classname="com.tetscases.DFlightSearchingTest"/>
  <system-out/>
  <testcase name="validatingInvalidDetailsTest" time="15.630" classname="com.tetscases.DFlightSearchingTest"/>
  <system-out/>
  <testcase name="validatingPaymentPageTest" time="16.313" classname="com.tetscases.DFlightSearchingTest"/>
  <system-out/>
</testsuite> <!-- com.tetscases.DFlightSearchingTest -->
