<?xml version="1.0" encoding="UTF-8"?>
<!-- Generated by org.testng.reporters.JUnitReportReporter -->
<testsuite skipped="0" hostname="SourabhSK" name="com.tetscases.ASignupTest" tests="3" failures="0" timestamp="2021-12-06T18:06:31 IST" time="45.795" errors="0">
  <testcase name="ValidateSignUpwithInvalidMobile" time="6.522" classname="com.tetscases.ASignupTest"/>
  <system-out/>
  <testcase name="validateSignUpwithValidMobileInvalidOtp" time="17.693" classname="com.tetscases.ASignupTest"/>
  <system-out/>
  <testcase name="ValidateSignUpwithValidMobileValidOtp" time="21.580" classname="com.tetscases.ASignupTest"/>
  <system-out/>
</testsuite> <!-- com.tetscases.ASignupTest -->
