<?xml version="1.0" encoding="UTF-8"?>
<!-- Generated by org.testng.reporters.JUnitReportReporter -->
<testsuite skipped="0" hostname="SourabhSK" name="com.pages.Practicepage" tests="1" failures="0" timestamp="2021-12-02T20:12:51 IST" time="13.404" errors="0">
  <testcase name="login_Test" time="13.404" classname="com.pages.Practicepage"/>
  <system-out/>
</testsuite> <!-- com.pages.Practicepage -->
