<?xml version="1.0" encoding="UTF-8"?>
<!-- Generated by org.testng.reporters.JUnitReportReporter -->
<testsuite skipped="2" hostname="SourabhSK" name="com.tetscases.SignUpPageTest" tests="3" failures="0" timestamp="2021-12-06T14:45:47 IST" time="11.236" errors="0">
  <testcase name="ValidateSignUpwithInvalidMobile" time="11.236" classname="com.tetscases.SignUpPageTest"/>
  <system-out/>
  <testcase name="validateSignUpwithValidMobileInvalidOtp" classname="com.tetscases.SignUpPageTest">
    <skipped/>
  </testcase> <!-- validateSignUpwithValidMobileInvalidOtp -->
  <system-out/>
  <testcase name="ValidateSignUpwithValidMobileValidOtp" classname="com.tetscases.SignUpPageTest">
    <skipped/>
  </testcase> <!-- ValidateSignUpwithValidMobileValidOtp -->
  <system-out/>
</testsuite> <!-- com.tetscases.SignUpPageTest -->
