<?xml version="1.0" encoding="UTF-8"?>
<!-- Generated by org.testng.reporters.JUnitReportReporter -->
<testsuite skipped="0" hostname="SourabhSK" name="com.tetscases.SignupTest" tests="3" failures="0" timestamp="2021-12-07T16:49:00 IST" time="46.773" errors="0">
  <testcase name="ValidateSignUpwithInvalidMobile" time="7.180" classname="com.tetscases.SignupTest"/>
  <system-out/>
  <testcase name="validateSignUpwithValidMobileInvalidOtp" time="13.564" classname="com.tetscases.SignupTest"/>
  <system-out/>
  <testcase name="ValidateSignUpwithValidMobileValidOtp" time="26.029" classname="com.tetscases.SignupTest"/>
  <system-out/>
</testsuite> <!-- com.tetscases.SignupTest -->
