<?xml version="1.0" encoding="UTF-8"?>
<!-- Generated by org.testng.reporters.JUnitReportReporter -->
<testsuite skipped="0" hostname="SourabhSK" name="com.tetscases.FlightSearchingTest" tests="10" failures="0" timestamp="2021-12-07T16:49:00 IST" time="127.224" errors="0">
  <testcase name="validatingFlightSearchTest" time="12.965" classname="com.tetscases.FlightSearchingTest"/>
  <system-out/>
  <testcase name="validatingInvalidSearchTest" time="10.333" classname="com.tetscases.FlightSearchingTest"/>
  <system-out/>
  <testcase name="validatingFromSearchTest" time="11.065" classname="com.tetscases.FlightSearchingTest"/>
  <system-out/>
  <testcase name="validatingDestinationTest" time="10.486" classname="com.tetscases.FlightSearchingTest"/>
  <system-out/>
  <testcase name="validingSameSearchTest" time="10.045" classname="com.tetscases.FlightSearchingTest"/>
  <system-out/>
  <testcase name="validatingSearchTest" time="9.795" classname="com.tetscases.FlightSearchingTest"/>
  <system-out/>
  <testcase name="validatingBookButtonTest" time="13.199" classname="com.tetscases.FlightSearchingTest"/>
  <system-out/>
  <testcase name="validatingPersonalDeatilsTest" time="18.412" classname="com.tetscases.FlightSearchingTest"/>
  <system-out/>
  <testcase name="validatingInvalidDetailsTest" time="15.269" classname="com.tetscases.FlightSearchingTest"/>
  <system-out/>
  <testcase name="validatingPaymentPageTest" time="15.655" classname="com.tetscases.FlightSearchingTest"/>
  <system-out/>
</testsuite> <!-- com.tetscases.FlightSearchingTest -->
